2024-12-23 16:05:28 |INF| app > Seanime 2.5.1-Murasaki
2024-12-23 16:05:28 |INF| app > OS: windows
2024-12-23 16:05:28 |INF| app > Arch: amd64
2024-12-23 16:05:28 |INF| app > Processor count: 4
2024-12-23 16:05:28 |DBG| app > Initializing config
2024-12-23 16:05:28 |INF| app > Data directory: C:\Users\USER\AppData\Roaming\Seanime
2024-12-23 16:05:28 |INF| app > Working directory: E:\Seaanime-sever
2024-12-23 16:05:28 |INF| db > Database instantiated name=seanime.db
2024-12-23 16:05:28 |DBG| db > Local files retrieved
2024-12-23 16:05:28 |INF| local platform > Database instantiated name=local.db
2024-12-23 16:05:28 |INF| continuity > Initialized manager
2024-12-23 16:05:28 |DBG| manga downloader > Reading download directory
2024-12-23 16:05:28 |TRC| ws > Sending message type=refreshed-manga-download-data
2024-12-23 16:05:28 |DBG| app > Refreshing modules
2024-12-23 16:05:28 |TRC| torrent repo > Setting settings
2024-12-23 16:05:28 |INF| app > Logged in to qBittorrent
2024-12-23 16:05:28 |INF| app > Refreshed modules
2024-12-23 16:05:28 |DBG| manga > Initialized provider extension bank
2024-12-23 16:05:28 |DBG| onlinestream > Initialized provider extension bank
2024-12-23 16:05:28 |DBG| torrent repo > Initialized anime provider extension bank
2024-12-23 16:05:28 |DBG| extensions > Loaded built-in manga provider extension id=comick
2024-12-23 16:05:28 |DBG| extensions > Loaded built-in manga provider extension id=comick-multi
2024-12-23 16:05:28 |DBG| extensions > Loaded built-in manga provider extension id=mangapill
2024-12-23 16:05:28 |DBG| torrent repo > Anime provider extension added
2024-12-23 16:05:28 |DBG| extensions > Loaded built-in manga provider extension id=mangasee
2024-12-23 16:05:28 |DBG| extensions > Loaded built-in manga provider extension id=mangadex
2024-12-23 16:05:28 |DBG| extensions > Loaded built-in manga provider extension id=manganato
2024-12-23 16:05:28 |DBG| torrent repo > Anime provider extension added
2024-12-23 16:05:28 |DBG| extensions > Loaded built-in onlinestream provider extension id=gogoanime
2024-12-23 16:05:28 |TRC| extensions > Loading external online streaming provider id=animepahe language=typescript
2024-12-23 16:05:28 |TRC| extensions > Creating javascript VM for external manga provider id=animepahe language=typescript
2024-12-23 16:05:28 |DBG| torrent repo > Anime provider extension added
2024-12-23 16:05:28 |DBG| extensions > Loaded built-in onlinestream provider extension id=animepahe
2024-12-23 16:05:28 |DBG| extensions > Loaded built-in anime torrent provider extension id=nyaa
2024-12-23 16:05:28 |DBG| extensions > Loaded built-in anime torrent provider extension id=nyaa-sukebei
2024-12-23 16:05:28 |DBG| torrent repo > Anime provider extension added
2024-12-23 16:05:28 |DBG| extensions > Loaded built-in anime torrent provider extension id=animetosho
2024-12-23 16:05:28 |DBG| torrent repo > Anime provider extension added
2024-12-23 16:05:28 |DBG| extensions > Loaded built-in anime torrent provider extension id=seadex
2024-12-23 16:05:28 |TRC| extensions > Loading external extensions
2024-12-23 16:05:28 |TRC| extensions > Killing Goja VMs
2024-12-23 16:05:28 |DBG| extensions > Killed Goja VMs
2024-12-23 16:05:28 |TRC| extensions > Unloading external extensions
2024-12-23 16:05:28 |DBG| extensions > Unloaded external extensions
2024-12-23 16:05:28 |DBG| extensions > Loaded external extensions
2024-12-23 16:05:28 |TRC| ws > Sending message type=extensions-reloaded
2024-12-23 16:05:28 |DBG| app > Fetching Anilist data
2024-12-23 16:05:28 |INF| app > Authenticated to AniList as WagaNawaShadow
2024-12-23 16:05:28 |DBG| anilist > Fetching anime collection username=WagaNawaShadow
2024-12-23 16:05:29 |INF| anilist > Successful Request rlr=89 rtt=766ms
2024-12-23 16:05:29 |DBG| anilist > Fetching manga collection
2024-12-23 16:05:29 |INF| anilist > Successful Request rlr=88 rtt=354ms
2024-12-23 16:05:29 |INF| app > Fetched Anilist data
2024-12-23 16:05:29 |DBG| transcoder > Hardware acceleration: disabled
2024-12-23 16:05:29 |INF| transcoder > Initialized
2024-12-23 16:05:29 |INF| mediastream > Transcoder module initialized
2024-12-23 16:05:29 |INF| mediastream > Module initialized
2024-12-23 16:05:29 |INF| torrentstream > Initialized torrent client on port 43213
2024-12-23 16:05:29 |TRC| torrentstream > Dropping all torrents
2024-12-23 16:05:29 |DBG| torrentstream > Dropped all torrents
2024-12-23 16:05:29 |INF| torrentstream > Creating streaming server on 0.0.0.0:43214
2024-12-23 16:05:29 |INF| torrentstream > Module initialized
2024-12-23 16:05:29 |TRC| systray > App is ready
2024-12-23 16:05:29 |INF| app > Serving embedded web interface
2024-12-23 16:05:29 |INF| app > Web assets path: C:\Users\USER\AppData\Roaming\Seanime\assets
2024-12-23 16:05:29 |INF| app > Manga downloads path: C:\Users\USER\AppData\Roaming\Seanime\manga
2024-12-23 16:05:29 |INF| app > Offline assets path: C:\Users\USER\AppData\Roaming\Seanime\offline\assets
2024-12-23 16:05:29 |INF| app > Server Address: 127.0.0.1:43211
2024-12-23 16:05:29 |INF| app > Seanime started at http://127.0.0.1:43211
2024-12-23 16:05:30 |DBG| animetosho > Loaded Sneedex Nyaa IDs count=1349
2024-12-23 16:05:39 |INF| api > Success latency=6.7787ms method=GET url=/api/v1/status
2024-12-23 16:05:39 |DBG| ws > Client connected id=b97e02be-8da3-4fd5-8f5c-09668b5a0807
2024-12-23 16:05:39 |INF| api > Success latency=2.3568ms method=GET url=/api/v1/manga/collection
2024-12-23 16:05:39 |INF| api > Success latency="508µs" method=GET url=/api/v1/anilist/collection
2024-12-23 16:05:39 |INF| api > Success latency=1.5108ms method=GET url=/api/v1/auto-downloader/items
2024-12-23 16:05:39 |INF| api > Success latency=10.2289ms method=GET url=/api/v1/library/missing-episodes
2024-12-23 16:05:40 |INF| api > Success latency=635.1939ms method=GET url=/api/v1/latest-update
2024-12-23 16:05:41 |INF| api > Success latency=1.4710462s method=GET url=/api/v1/library/collection
2024-12-23 16:05:41 |INF| api > Success latency=0s method=GET url=/api/v1/continuity/history
2024-12-23 16:05:44 |DBG| anilist > Fetching anime collection username=WagaNawaShadow
2024-12-23 16:05:45 |INF| anilist > Successful Request rlr=87 rtt=641ms
2024-12-23 16:05:45 |DBG| anilist > Fetching manga collection
2024-12-23 16:05:45 |INF| api > Success latency=642.0792ms method=POST url=/api/v1/anilist/collection
2024-12-23 16:05:45 |INF| api > Success latency="679.6µs" method=GET url=/api/v1/library/collection
2024-12-23 16:05:45 |INF| api > Success latency=0s method=GET url=/api/v1/anilist/collection
2024-12-23 16:05:45 |INF| api > Success latency=0s method=GET url=/api/v1/library/missing-episodes
2024-12-23 16:05:45 |INF| api > Success latency=0s method=GET url=/api/v1/manga/collection
2024-12-23 16:05:45 |INF| anilist > Successful Request rlr=86 rtt=354ms
2024-12-23 16:05:45 |TRC| ws > Sending message type=refreshed-anilist-manga-collection
